


ARM Macro Assembler    Page 1 


    1 00000000         ;/******************************************************
                       ************************
    2 00000000         ;* Copyright (C) 2017, Huada Semiconductor Co.,Ltd All r
                       ights reserved.
    3 00000000         ;*
    4 00000000         ;* This software is owned and published by:
    5 00000000         ;* Huada Semiconductor Co.,Ltd ("HDSC").
    6 00000000         ;*
    7 00000000         ;* BY DOWNLOADING, INSTALLING OR USING THIS SOFTWARE, YO
                       U AGREE TO BE BOUND
    8 00000000         ;* BY ALL THE TERMS AND CONDITIONS OF THIS AGREEMENT.
    9 00000000         ;*
   10 00000000         ;* This software contains source code for use with HDSC
   11 00000000         ;* components. This software is licensed by HDSC to be a
                       dapted only
   12 00000000         ;* for use in systems utilizing HDSC components. HDSC sh
                       all not be
   13 00000000         ;* responsible for misuse or illegal use of this softwar
                       e for devices not
   14 00000000         ;* supported herein. HDSC is providing this software "AS
                        IS" and will
   15 00000000         ;* not be responsible for issues arising from incorrect 
                       user implementation
   16 00000000         ;* of the software.
   17 00000000         ;*
   18 00000000         ;* Disclaimer:
   19 00000000         ;* HDSC MAKES NO WARRANTY, EXPRESS OR IMPLIED, ARISING B
                       Y LAW OR OTHERWISE,
   20 00000000         ;* REGARDING THE SOFTWARE (INCLUDING ANY ACOOMPANYING WR
                       ITTEN MATERIALS),
   21 00000000         ;* ITS PERFORMANCE OR SUITABILITY FOR YOUR INTENDED USE,
                        INCLUDING,
   22 00000000         ;* WITHOUT LIMITATION, THE IMPLIED WARRANTY OF MERCHANTA
                       BILITY, THE IMPLIED
   23 00000000         ;* WARRANTY OF FITNESS FOR A PARTICULAR PURPOSE OR USE, 
                       AND THE IMPLIED
   24 00000000         ;* WARRANTY OF NONINFRINGEMENT.
   25 00000000         ;* HDSC SHALL HAVE NO LIABILITY (WHETHER IN CONTRACT, WA
                       RRANTY, TORT,
   26 00000000         ;* NEGLIGENCE OR OTHERWISE) FOR ANY DAMAGES WHATSOEVER (
                       INCLUDING, WITHOUT
   27 00000000         ;* LIMITATION, DAMAGES FOR LOSS OF BUSINESS PROFITS, BUS
                       INESS INTERRUPTION,
   28 00000000         ;* LOSS OF BUSINESS INFORMATION, OR OTHER PECUNIARY LOSS
                       ) ARISING FROM USE OR
   29 00000000         ;* INABILITY TO USE THE SOFTWARE, INCLUDING, WITHOUT LIM
                       ITATION, ANY DIRECT,
   30 00000000         ;* INDIRECT, INCIDENTAL, SPECIAL OR CONSEQUENTIAL DAMAGE
                       S OR LOSS OF DATA,
   31 00000000         ;* SAVINGS OR PROFITS,
   32 00000000         ;* EVEN IF Disclaimer HAS BEEN ADVISED OF THE POSSIBILIT
                       Y OF SUCH DAMAGES.
   33 00000000         ;* YOU ASSUME ALL RESPONSIBILITIES FOR SELECTION OF THE 
                       SOFTWARE TO ACHIEVE YOUR
   34 00000000         ;* INTENDED RESULTS, AND FOR THE INSTALLATION OF, USE OF
                       , AND RESULTS OBTAINED
   35 00000000         ;* FROM, THE SOFTWARE.
   36 00000000         ;*
   37 00000000         ;* This software may be replicated in part or whole for 



ARM Macro Assembler    Page 2 


                       the licensed use,
   38 00000000         ;* with the restriction that this Disclaimer and Copyrig
                       ht notice must be
   39 00000000         ;* included with each copy of this software, whether use
                       d in part or whole,
   40 00000000         ;* at all times.
   41 00000000         ;*/
   42 00000000         ;/******************************************************
                       ***********************/
   43 00000000         
   44 00000000         ;/******************************************************
                       ***********************/
   45 00000000         ;/*  Startup for ARM                                    
                                             */
   46 00000000         ;/*  Version     V1.2                                   
                                             */
   47 00000000         ;/*  Date        2016-06-02                             
                                             */
   48 00000000         ;/*  Target-mcu  {MCU_SERIES}                           
                                             */
   49 00000000         ;/******************************************************
                       ***********************/
   50 00000000         
   51 00000000         ; Stack Configuration
   52 00000000         ; Stack Size (in Bytes) <0x0-0xFFFFFFFF:8>
   53 00000000         
   54 00000000 00000200 
                       Stack_Size
                               EQU              0x00000200
   55 00000000         
   56 00000000                 AREA             STACK, NOINIT, READWRITE, ALIGN
=3
   57 00000000         Stack_Mem
                               SPACE            Stack_Size
   58 00000200         __initial_sp
   59 00000200         
   60 00000200         
   61 00000200         ; Heap Configuration
   62 00000200         ;  Heap Size (in Bytes) <0x0-0xFFFFFFFF:8>
   63 00000200         
   64 00000200 00000100 
                       Heap_Size
                               EQU              0x00000100
   65 00000200         
   66 00000200                 AREA             HEAP, NOINIT, READWRITE, ALIGN=
3
   67 00000000         __heap_base
   68 00000000         Heap_Mem
                               SPACE            Heap_Size
   69 00000100         __heap_limit
   70 00000100         
   71 00000100         
   72 00000100                 PRESERVE8
   73 00000100                 THUMB
   74 00000100         
   75 00000100         
   76 00000100         ; Vector Table Mapped to Address 0 at Reset
   77 00000100         
   78 00000100                 AREA             RESET, DATA, READONLY



ARM Macro Assembler    Page 3 


   79 00000000                 EXPORT           __Vectors
   80 00000000                 EXPORT           __Vectors_End
   81 00000000                 EXPORT           __Vectors_Size
   82 00000000         
   83 00000000 00000000 
                       __Vectors
                               DCD              __initial_sp ; Top of Stack
   84 00000004 00000000        DCD              Reset_Handler ; Reset
   85 00000008 00000000        DCD              NMI_Handler ; NMI
   86 0000000C 00000000        DCD              HardFault_Handler ; Hard Fault
   87 00000010 00000000        DCD              0           ; Reserved
   88 00000014 00000000        DCD              0           ; Reserved
   89 00000018 00000000        DCD              0           ; Reserved
   90 0000001C 00000000        DCD              0           ; Reserved
   91 00000020 00000000        DCD              0           ; Reserved
   92 00000024 00000000        DCD              0           ; Reserved
   93 00000028 00000000        DCD              0           ; Reserved
   94 0000002C 00000000        DCD              SVC_Handler ; SVCall
   95 00000030 00000000        DCD              0           ; Reserved
   96 00000034 00000000        DCD              0           ; Reserved
   97 00000038 00000000        DCD              PendSV_Handler ; PendSV
   98 0000003C 00000000        DCD              SysTick_Handler ; SysTick
   99 00000040         
  100 00000040 00000000        DCD              IRQ000_Handler ; 
  101 00000044 00000000        DCD              IRQ001_Handler ; 
  102 00000048 00000000        DCD              IRQ002_Handler ; 
  103 0000004C 00000000        DCD              IRQ003_Handler ; 
  104 00000050 00000000        DCD              IRQ004_Handler ; 
  105 00000054 00000000        DCD              IRQ005_Handler ; 
  106 00000058 00000000        DCD              IRQ006_Handler ; 
  107 0000005C 00000000        DCD              IRQ007_Handler ; 
  108 00000060 00000000        DCD              IRQ008_Handler ; 
  109 00000064 00000000        DCD              IRQ009_Handler ; 
  110 00000068 00000000        DCD              IRQ010_Handler ; 
  111 0000006C 00000000        DCD              IRQ011_Handler ; 
  112 00000070 00000000        DCD              IRQ012_Handler ; 
  113 00000074 00000000        DCD              IRQ013_Handler ; 
  114 00000078 00000000        DCD              IRQ014_Handler ; 
  115 0000007C 00000000        DCD              IRQ015_Handler ; 
  116 00000080 00000000        DCD              IRQ016_Handler ; 
  117 00000084 00000000        DCD              IRQ017_Handler ; 
  118 00000088 00000000        DCD              IRQ018_Handler ; 
  119 0000008C 00000000        DCD              IRQ019_Handler ; 
  120 00000090 00000000        DCD              IRQ020_Handler ; 
  121 00000094 00000000        DCD              IRQ021_Handler ; 
  122 00000098 00000000        DCD              IRQ022_Handler ; 
  123 0000009C 00000000        DCD              IRQ023_Handler ; 
  124 000000A0 00000000        DCD              IRQ024_Handler ; 
  125 000000A4 00000000        DCD              IRQ025_Handler ; 
  126 000000A8 00000000        DCD              IRQ026_Handler ; 
  127 000000AC 00000000        DCD              IRQ027_Handler ; 
  128 000000B0 00000000        DCD              IRQ028_Handler ; 
  129 000000B4 00000000        DCD              IRQ029_Handler ; 
  130 000000B8 00000000        DCD              IRQ030_Handler ; 
  131 000000BC 00000000        DCD              IRQ031_Handler ; 
  132 000000C0         
  133 000000C0         __Vectors_End
  134 000000C0         
  135 000000C0 000000C0 



ARM Macro Assembler    Page 4 


                       __Vectors_Size
                               EQU              __Vectors_End - __Vectors
  136 000000C0         
  137 000000C0                 AREA             |.text|, CODE, READONLY
  138 00000000         
  139 00000000         
  140 00000000         ; Reset Handler
  141 00000000         
  142 00000000         Reset_Handler
                               PROC
  143 00000000                 EXPORT           Reset_Handler             [WEAK
]
  144 00000000                 IMPORT           SystemInit
  145 00000000                 IMPORT           __main
  146 00000000         
  147 00000000         ;reset NVIC if in rom debug
  148 00000000 4809            LDR              R0, =0x20000000
  149 00000002 4A0A            LDR              R2, =0x0
  150 00000004 2100            MOVS             R1, #0      ; for warning, 
  151 00000006 A100            ADD              R1, PC,#0   ; for A1609W, 
  152 00000008 4281            CMP              R1, R0
  153 0000000A D900            BLS              RAMCODE
  154 0000000C         
  155 0000000C         ; ram code base address. 
  156 0000000C 4402            ADD              R2, R0,R2
  157 0000000E         RAMCODE
  158 0000000E         ; reset Vector table address.
  159 0000000E 4808            LDR              R0, =0xE000ED08
  160 00000010 6002            STR              R2, [R0]
  161 00000012         
  162 00000012 4808            LDR              R0, =SystemInit
  163 00000014 4780            BLX              R0
  164 00000016 4808            LDR              R0, =__main
  165 00000018 4700            BX               R0
  166 0000001A                 ENDP
  167 0000001A         
  168 0000001A         
  169 0000001A         ; Dummy Exception Handlers (infinite loops which can be 
                       modified)
  170 0000001A         
  171 0000001A         NMI_Handler
                               PROC
  172 0000001A                 EXPORT           NMI_Handler               [WEAK
]
  173 0000001A E7FE            B                .
  174 0000001C                 ENDP
  176 0000001C         HardFault_Handler
                               PROC
  177 0000001C                 EXPORT           HardFault_Handler         [WEAK
]
  178 0000001C E7FE            B                .
  179 0000001E                 ENDP
  180 0000001E         SVC_Handler
                               PROC
  181 0000001E                 EXPORT           SVC_Handler               [WEAK
]
  182 0000001E E7FE            B                .
  183 00000020                 ENDP
  184 00000020         PendSV_Handler



ARM Macro Assembler    Page 5 


                               PROC
  185 00000020                 EXPORT           PendSV_Handler            [WEAK
]
  186 00000020 E7FE            B                .
  187 00000022                 ENDP
  188 00000022         SysTick_Handler
                               PROC
  189 00000022                 EXPORT           SysTick_Handler           [WEAK
]
  190 00000022 E7FE            B                .
  191 00000024                 ENDP
  192 00000024         
  193 00000024         Default_Handler
                               PROC
  194 00000024         
  195 00000024                 EXPORT           IRQ000_Handler               [W
EAK]
  196 00000024                 EXPORT           IRQ001_Handler               [W
EAK]
  197 00000024                 EXPORT           IRQ002_Handler               [W
EAK]
  198 00000024                 EXPORT           IRQ003_Handler               [W
EAK]
  199 00000024                 EXPORT           IRQ004_Handler               [W
EAK]
  200 00000024                 EXPORT           IRQ005_Handler               [W
EAK]
  201 00000024                 EXPORT           IRQ006_Handler               [W
EAK]
  202 00000024                 EXPORT           IRQ007_Handler               [W
EAK]
  203 00000024                 EXPORT           IRQ008_Handler               [W
EAK]
  204 00000024                 EXPORT           IRQ009_Handler               [W
EAK]
  205 00000024                 EXPORT           IRQ010_Handler               [W
EAK]
  206 00000024                 EXPORT           IRQ011_Handler               [W
EAK]
  207 00000024                 EXPORT           IRQ012_Handler               [W
EAK]
  208 00000024                 EXPORT           IRQ013_Handler               [W
EAK]
  209 00000024                 EXPORT           IRQ014_Handler               [W
EAK]
  210 00000024                 EXPORT           IRQ015_Handler               [W
EAK]
  211 00000024                 EXPORT           IRQ016_Handler               [W
EAK]
  212 00000024                 EXPORT           IRQ017_Handler               [W
EAK]
  213 00000024                 EXPORT           IRQ018_Handler               [W
EAK]
  214 00000024                 EXPORT           IRQ019_Handler               [W
EAK]
  215 00000024                 EXPORT           IRQ020_Handler               [W
EAK]
  216 00000024                 EXPORT           IRQ021_Handler               [W
EAK]



ARM Macro Assembler    Page 6 


  217 00000024                 EXPORT           IRQ022_Handler               [W
EAK]
  218 00000024                 EXPORT           IRQ023_Handler               [W
EAK]
  219 00000024                 EXPORT           IRQ024_Handler               [W
EAK]
  220 00000024                 EXPORT           IRQ025_Handler               [W
EAK]
  221 00000024                 EXPORT           IRQ026_Handler               [W
EAK]
  222 00000024                 EXPORT           IRQ027_Handler               [W
EAK]
  223 00000024                 EXPORT           IRQ028_Handler               [W
EAK]
  224 00000024                 EXPORT           IRQ029_Handler               [W
EAK]
  225 00000024                 EXPORT           IRQ030_Handler               [W
EAK]
  226 00000024                 EXPORT           IRQ031_Handler               [W
EAK]
  227 00000024         
  228 00000024         
  229 00000024         IRQ000_Handler
  230 00000024         IRQ001_Handler
  231 00000024         IRQ002_Handler
  232 00000024         IRQ003_Handler
  233 00000024         IRQ004_Handler
  234 00000024         IRQ005_Handler
  235 00000024         IRQ006_Handler
  236 00000024         IRQ007_Handler
  237 00000024         IRQ008_Handler
  238 00000024         IRQ009_Handler
  239 00000024         IRQ010_Handler
  240 00000024         IRQ011_Handler
  241 00000024         IRQ012_Handler
  242 00000024         IRQ013_Handler
  243 00000024         IRQ014_Handler
  244 00000024         IRQ015_Handler
  245 00000024         IRQ016_Handler
  246 00000024         IRQ017_Handler
  247 00000024         IRQ018_Handler
  248 00000024         IRQ019_Handler
  249 00000024         IRQ020_Handler
  250 00000024         IRQ021_Handler
  251 00000024         IRQ022_Handler
  252 00000024         IRQ023_Handler
  253 00000024         IRQ024_Handler
  254 00000024         IRQ025_Handler
  255 00000024         IRQ026_Handler
  256 00000024         IRQ027_Handler
  257 00000024         IRQ028_Handler
  258 00000024         IRQ029_Handler
  259 00000024         IRQ030_Handler
  260 00000024         IRQ031_Handler
  261 00000024 E7FE            B                .
  262 00000026         
  263 00000026                 ENDP
  264 00000026         
  265 00000026         



ARM Macro Assembler    Page 7 


  266 00000026 00 00           ALIGN
  267 00000028         
  268 00000028         
  269 00000028         ; User Initial Stack & Heap
  270 00000028         
  271 00000028                 IF               :DEF:__MICROLIB
  272 00000028         
  273 00000028                 EXPORT           __initial_sp
  274 00000028                 EXPORT           __heap_base
  275 00000028                 EXPORT           __heap_limit
  276 00000028         
  277 00000028                 ELSE
  291                          ENDIF
  292 00000028         
  293 00000028         
  294 00000028                 END
              20000000 
              00000000 
              E000ED08 
              00000000 
              00000000 
Command Line: --debug --xref --diag_suppress=9931 --cpu=Cortex-M0+ --apcs=inter
work --depend=.\startup_hc32l110.d -o.\startup_hc32l110.o -I"E:\for github\lora
easy\easyreceived\RTE" -ID:\keil\ARM\PACK\HDSC\HC32L110\1.0.2\Device\Include -I
D:\keil\ARM\CMSIS\Include -ID:\keil\ARM\PACK\HDSC\HC32L110\1.0.2 --predefine="_
_MICROLIB SETA 1" --predefine="__UVISION_VERSION SETA 516" --list=.\startup_hc3
2l110.lst src\startup_hc32l110.s



ARM Macro Assembler    Page 1 Alphabetic symbol ordering
Relocatable symbols

STACK 00000000

Symbol: STACK
   Definitions
      At line 56 in file src\startup_hc32l110.s
   Uses
      None
Comment: STACK unused
Stack_Mem 00000000

Symbol: Stack_Mem
   Definitions
      At line 57 in file src\startup_hc32l110.s
   Uses
      None
Comment: Stack_Mem unused
__initial_sp 00000200

Symbol: __initial_sp
   Definitions
      At line 58 in file src\startup_hc32l110.s
   Uses
      At line 83 in file src\startup_hc32l110.s
      At line 273 in file src\startup_hc32l110.s

3 symbols



ARM Macro Assembler    Page 1 Alphabetic symbol ordering
Relocatable symbols

HEAP 00000000

Symbol: HEAP
   Definitions
      At line 66 in file src\startup_hc32l110.s
   Uses
      None
Comment: HEAP unused
Heap_Mem 00000000

Symbol: Heap_Mem
   Definitions
      At line 68 in file src\startup_hc32l110.s
   Uses
      None
Comment: Heap_Mem unused
__heap_base 00000000

Symbol: __heap_base
   Definitions
      At line 67 in file src\startup_hc32l110.s
   Uses
      At line 274 in file src\startup_hc32l110.s
Comment: __heap_base used once
__heap_limit 00000100

Symbol: __heap_limit
   Definitions
      At line 69 in file src\startup_hc32l110.s
   Uses
      At line 275 in file src\startup_hc32l110.s
Comment: __heap_limit used once
4 symbols



ARM Macro Assembler    Page 1 Alphabetic symbol ordering
Relocatable symbols

RESET 00000000

Symbol: RESET
   Definitions
      At line 78 in file src\startup_hc32l110.s
   Uses
      None
Comment: RESET unused
__Vectors 00000000

Symbol: __Vectors
   Definitions
      At line 83 in file src\startup_hc32l110.s
   Uses
      At line 79 in file src\startup_hc32l110.s
      At line 135 in file src\startup_hc32l110.s

__Vectors_End 000000C0

Symbol: __Vectors_End
   Definitions
      At line 133 in file src\startup_hc32l110.s
   Uses
      At line 80 in file src\startup_hc32l110.s
      At line 135 in file src\startup_hc32l110.s

3 symbols



ARM Macro Assembler    Page 1 Alphabetic symbol ordering
Relocatable symbols

.text 00000000

Symbol: .text
   Definitions
      At line 137 in file src\startup_hc32l110.s
   Uses
      None
Comment: .text unused
Default_Handler 00000024

Symbol: Default_Handler
   Definitions
      At line 193 in file src\startup_hc32l110.s
   Uses
      None
Comment: Default_Handler unused
HardFault_Handler 0000001C

Symbol: HardFault_Handler
   Definitions
      At line 176 in file src\startup_hc32l110.s
   Uses
      At line 86 in file src\startup_hc32l110.s
      At line 177 in file src\startup_hc32l110.s

IRQ000_Handler 00000024

Symbol: IRQ000_Handler
   Definitions
      At line 229 in file src\startup_hc32l110.s
   Uses
      At line 100 in file src\startup_hc32l110.s
      At line 195 in file src\startup_hc32l110.s

IRQ001_Handler 00000024

Symbol: IRQ001_Handler
   Definitions
      At line 230 in file src\startup_hc32l110.s
   Uses
      At line 101 in file src\startup_hc32l110.s
      At line 196 in file src\startup_hc32l110.s

IRQ002_Handler 00000024

Symbol: IRQ002_Handler
   Definitions
      At line 231 in file src\startup_hc32l110.s
   Uses
      At line 102 in file src\startup_hc32l110.s
      At line 197 in file src\startup_hc32l110.s

IRQ003_Handler 00000024

Symbol: IRQ003_Handler
   Definitions
      At line 232 in file src\startup_hc32l110.s
   Uses
      At line 103 in file src\startup_hc32l110.s



ARM Macro Assembler    Page 2 Alphabetic symbol ordering
Relocatable symbols

      At line 198 in file src\startup_hc32l110.s

IRQ004_Handler 00000024

Symbol: IRQ004_Handler
   Definitions
      At line 233 in file src\startup_hc32l110.s
   Uses
      At line 104 in file src\startup_hc32l110.s
      At line 199 in file src\startup_hc32l110.s

IRQ005_Handler 00000024

Symbol: IRQ005_Handler
   Definitions
      At line 234 in file src\startup_hc32l110.s
   Uses
      At line 105 in file src\startup_hc32l110.s
      At line 200 in file src\startup_hc32l110.s

IRQ006_Handler 00000024

Symbol: IRQ006_Handler
   Definitions
      At line 235 in file src\startup_hc32l110.s
   Uses
      At line 106 in file src\startup_hc32l110.s
      At line 201 in file src\startup_hc32l110.s

IRQ007_Handler 00000024

Symbol: IRQ007_Handler
   Definitions
      At line 236 in file src\startup_hc32l110.s
   Uses
      At line 107 in file src\startup_hc32l110.s
      At line 202 in file src\startup_hc32l110.s

IRQ008_Handler 00000024

Symbol: IRQ008_Handler
   Definitions
      At line 237 in file src\startup_hc32l110.s
   Uses
      At line 108 in file src\startup_hc32l110.s
      At line 203 in file src\startup_hc32l110.s

IRQ009_Handler 00000024

Symbol: IRQ009_Handler
   Definitions
      At line 238 in file src\startup_hc32l110.s
   Uses
      At line 109 in file src\startup_hc32l110.s
      At line 204 in file src\startup_hc32l110.s

IRQ010_Handler 00000024

Symbol: IRQ010_Handler



ARM Macro Assembler    Page 3 Alphabetic symbol ordering
Relocatable symbols

   Definitions
      At line 239 in file src\startup_hc32l110.s
   Uses
      At line 110 in file src\startup_hc32l110.s
      At line 205 in file src\startup_hc32l110.s

IRQ011_Handler 00000024

Symbol: IRQ011_Handler
   Definitions
      At line 240 in file src\startup_hc32l110.s
   Uses
      At line 111 in file src\startup_hc32l110.s
      At line 206 in file src\startup_hc32l110.s

IRQ012_Handler 00000024

Symbol: IRQ012_Handler
   Definitions
      At line 241 in file src\startup_hc32l110.s
   Uses
      At line 112 in file src\startup_hc32l110.s
      At line 207 in file src\startup_hc32l110.s

IRQ013_Handler 00000024

Symbol: IRQ013_Handler
   Definitions
      At line 242 in file src\startup_hc32l110.s
   Uses
      At line 113 in file src\startup_hc32l110.s
      At line 208 in file src\startup_hc32l110.s

IRQ014_Handler 00000024

Symbol: IRQ014_Handler
   Definitions
      At line 243 in file src\startup_hc32l110.s
   Uses
      At line 114 in file src\startup_hc32l110.s
      At line 209 in file src\startup_hc32l110.s

IRQ015_Handler 00000024

Symbol: IRQ015_Handler
   Definitions
      At line 244 in file src\startup_hc32l110.s
   Uses
      At line 115 in file src\startup_hc32l110.s
      At line 210 in file src\startup_hc32l110.s

IRQ016_Handler 00000024

Symbol: IRQ016_Handler
   Definitions
      At line 245 in file src\startup_hc32l110.s
   Uses
      At line 116 in file src\startup_hc32l110.s
      At line 211 in file src\startup_hc32l110.s



ARM Macro Assembler    Page 4 Alphabetic symbol ordering
Relocatable symbols


IRQ017_Handler 00000024

Symbol: IRQ017_Handler
   Definitions
      At line 246 in file src\startup_hc32l110.s
   Uses
      At line 117 in file src\startup_hc32l110.s
      At line 212 in file src\startup_hc32l110.s

IRQ018_Handler 00000024

Symbol: IRQ018_Handler
   Definitions
      At line 247 in file src\startup_hc32l110.s
   Uses
      At line 118 in file src\startup_hc32l110.s
      At line 213 in file src\startup_hc32l110.s

IRQ019_Handler 00000024

Symbol: IRQ019_Handler
   Definitions
      At line 248 in file src\startup_hc32l110.s
   Uses
      At line 119 in file src\startup_hc32l110.s
      At line 214 in file src\startup_hc32l110.s

IRQ020_Handler 00000024

Symbol: IRQ020_Handler
   Definitions
      At line 249 in file src\startup_hc32l110.s
   Uses
      At line 120 in file src\startup_hc32l110.s
      At line 215 in file src\startup_hc32l110.s

IRQ021_Handler 00000024

Symbol: IRQ021_Handler
   Definitions
      At line 250 in file src\startup_hc32l110.s
   Uses
      At line 121 in file src\startup_hc32l110.s
      At line 216 in file src\startup_hc32l110.s

IRQ022_Handler 00000024

Symbol: IRQ022_Handler
   Definitions
      At line 251 in file src\startup_hc32l110.s
   Uses
      At line 122 in file src\startup_hc32l110.s
      At line 217 in file src\startup_hc32l110.s

IRQ023_Handler 00000024

Symbol: IRQ023_Handler
   Definitions



ARM Macro Assembler    Page 5 Alphabetic symbol ordering
Relocatable symbols

      At line 252 in file src\startup_hc32l110.s
   Uses
      At line 123 in file src\startup_hc32l110.s
      At line 218 in file src\startup_hc32l110.s

IRQ024_Handler 00000024

Symbol: IRQ024_Handler
   Definitions
      At line 253 in file src\startup_hc32l110.s
   Uses
      At line 124 in file src\startup_hc32l110.s
      At line 219 in file src\startup_hc32l110.s

IRQ025_Handler 00000024

Symbol: IRQ025_Handler
   Definitions
      At line 254 in file src\startup_hc32l110.s
   Uses
      At line 125 in file src\startup_hc32l110.s
      At line 220 in file src\startup_hc32l110.s

IRQ026_Handler 00000024

Symbol: IRQ026_Handler
   Definitions
      At line 255 in file src\startup_hc32l110.s
   Uses
      At line 126 in file src\startup_hc32l110.s
      At line 221 in file src\startup_hc32l110.s

IRQ027_Handler 00000024

Symbol: IRQ027_Handler
   Definitions
      At line 256 in file src\startup_hc32l110.s
   Uses
      At line 127 in file src\startup_hc32l110.s
      At line 222 in file src\startup_hc32l110.s

IRQ028_Handler 00000024

Symbol: IRQ028_Handler
   Definitions
      At line 257 in file src\startup_hc32l110.s
   Uses
      At line 128 in file src\startup_hc32l110.s
      At line 223 in file src\startup_hc32l110.s

IRQ029_Handler 00000024

Symbol: IRQ029_Handler
   Definitions
      At line 258 in file src\startup_hc32l110.s
   Uses
      At line 129 in file src\startup_hc32l110.s
      At line 224 in file src\startup_hc32l110.s




ARM Macro Assembler    Page 6 Alphabetic symbol ordering
Relocatable symbols

IRQ030_Handler 00000024

Symbol: IRQ030_Handler
   Definitions
      At line 259 in file src\startup_hc32l110.s
   Uses
      At line 130 in file src\startup_hc32l110.s
      At line 225 in file src\startup_hc32l110.s

IRQ031_Handler 00000024

Symbol: IRQ031_Handler
   Definitions
      At line 260 in file src\startup_hc32l110.s
   Uses
      At line 131 in file src\startup_hc32l110.s
      At line 226 in file src\startup_hc32l110.s

NMI_Handler 0000001A

Symbol: NMI_Handler
   Definitions
      At line 171 in file src\startup_hc32l110.s
   Uses
      At line 85 in file src\startup_hc32l110.s
      At line 172 in file src\startup_hc32l110.s

PendSV_Handler 00000020

Symbol: PendSV_Handler
   Definitions
      At line 184 in file src\startup_hc32l110.s
   Uses
      At line 97 in file src\startup_hc32l110.s
      At line 185 in file src\startup_hc32l110.s

RAMCODE 0000000E

Symbol: RAMCODE
   Definitions
      At line 157 in file src\startup_hc32l110.s
   Uses
      At line 153 in file src\startup_hc32l110.s
Comment: RAMCODE used once
Reset_Handler 00000000

Symbol: Reset_Handler
   Definitions
      At line 142 in file src\startup_hc32l110.s
   Uses
      At line 84 in file src\startup_hc32l110.s
      At line 143 in file src\startup_hc32l110.s

SVC_Handler 0000001E

Symbol: SVC_Handler
   Definitions
      At line 180 in file src\startup_hc32l110.s
   Uses



ARM Macro Assembler    Page 7 Alphabetic symbol ordering
Relocatable symbols

      At line 94 in file src\startup_hc32l110.s
      At line 181 in file src\startup_hc32l110.s

SysTick_Handler 00000022

Symbol: SysTick_Handler
   Definitions
      At line 188 in file src\startup_hc32l110.s
   Uses
      At line 98 in file src\startup_hc32l110.s
      At line 189 in file src\startup_hc32l110.s

41 symbols



ARM Macro Assembler    Page 1 Alphabetic symbol ordering
Absolute symbols

Heap_Size 00000100

Symbol: Heap_Size
   Definitions
      At line 64 in file src\startup_hc32l110.s
   Uses
      At line 68 in file src\startup_hc32l110.s
Comment: Heap_Size used once
Stack_Size 00000200

Symbol: Stack_Size
   Definitions
      At line 54 in file src\startup_hc32l110.s
   Uses
      At line 57 in file src\startup_hc32l110.s
Comment: Stack_Size used once
__Vectors_Size 000000C0

Symbol: __Vectors_Size
   Definitions
      At line 135 in file src\startup_hc32l110.s
   Uses
      At line 81 in file src\startup_hc32l110.s
Comment: __Vectors_Size used once
3 symbols



ARM Macro Assembler    Page 1 Alphabetic symbol ordering
External symbols

SystemInit 00000000

Symbol: SystemInit
   Definitions
      At line 144 in file src\startup_hc32l110.s
   Uses
      At line 162 in file src\startup_hc32l110.s
Comment: SystemInit used once
__main 00000000

Symbol: __main
   Definitions
      At line 145 in file src\startup_hc32l110.s
   Uses
      At line 164 in file src\startup_hc32l110.s
Comment: __main used once
2 symbols
390 symbols in table
